{
  "RSpec": {
    "coverage": {
      "/Users/christophe/code/work/bspot/poker_hand/app/helpers/application_helper.rb": [
        1,
        null
      ],
      "/Users/christophe/code/work/bspot/poker_hand/app/helpers/games_helper.rb": [
        1,
        1,
        4,
        null,
        null
      ],
      "/Users/christophe/code/work/bspot/poker_hand/app/models/game.rb": [
        1,
        1,
        1,
        null,
        1,
        null,
        1,
        null,
        5,
        2,
        2,
        2,
        2,
        null,
        null,
        null
      ],
      "/Users/christophe/code/work/bspot/poker_hand/app/models/application_record.rb": [
        1,
        1,
        null
      ],
      "/Users/christophe/code/work/bspot/poker_hand/app/models/hand.rb": [
        1,
        1,
        1,
        1,
        null,
        1,
        1,
        1,
        1,
        null,
        1,
        null,
        null,
        1,
        null,
        null,
        null,
        null,
        null,
        null,
        null,
        null,
        null,
        null,
        null,
        1,
        null,
        null,
        null,
        null,
        1,
        18,
        127,
        127,
        null,
        null,
        null,
        1,
        null,
        null,
        1,
        127,
        910,
        127,
        508,
        127,
        127,
        127,
        635,
        635,
        635,
        null,
        635,
        635,
        635,
        null,
        979,
        630,
        127,
        null,
        null,
        null,
        1,
        127,
        127,
        127,
        127,
        127,
        127,
        127,
        49,
        null,
        127,
        48,
        null,
        127,
        18,
        null,
        127,
        64,
        null,
        127,
        127,
        null,
        127,
        null,
        null
      ],
      "/Users/christophe/code/work/bspot/poker_hand/app/models/player.rb": [
        1,
        1,
        1,
        1,
        null,
        1,
        1,
        null
      ],
      "/Users/christophe/code/work/bspot/poker_hand/app/models/round.rb": [
        1,
        1,
        1,
        1,
        1,
        null,
        1,
        1,
        null,
        null,
        1,
        12,
        4,
        4,
        null,
        null
      ],
      "/Users/christophe/code/work/bspot/poker_hand/app/models/win.rb": [
        1,
        1,
        1,
        null,
        1,
        1,
        null
      ],
      "/Users/christophe/code/work/bspot/poker_hand/app/controllers/games_controller.rb": [
        1,
        null,
        1,
        1,
        null,
        null,
        null,
        1,
        1,
        null,
        null,
        null,
        1,
        1,
        null,
        null,
        null,
        1,
        3,
        3,
        3,
        4,
        null,
        2,
        null,
        null,
        null,
        null,
        null,
        1,
        2,
        2,
        2,
        4,
        null,
        null,
        null,
        1,
        null,
        null,
        1,
        3,
        null,
        null
      ],
      "/Users/christophe/code/work/bspot/poker_hand/app/controllers/application_controller.rb": [
        1,
        null
      ],
      "/Users/christophe/code/work/bspot/poker_hand/app/services/game_service.rb": [
        1,
        1,
        null,
        null,
        1,
        3,
        3,
        3,
        3,
        3,
        3,
        6,
        6,
        null,
        null,
        6,
        3,
        null,
        null,
        null,
        1,
        null,
        1,
        3,
        3,
        3,
        3,
        3,
        6,
        6,
        6,
        null,
        3,
        null,
        3,
        null,
        null
      ],
      "/Users/christophe/code/work/bspot/poker_hand/app/mailers/application_mailer.rb": [
        0,
        0,
        0,
        0
      ],
      "/Users/christophe/code/work/bspot/poker_hand/app/jobs/application_job.rb": [
        0,
        0,
        0,
        0,
        0,
        0,
        0
      ],
      "/Users/christophe/code/work/bspot/poker_hand/app/channels/application_cable/connection.rb": [
        0,
        0,
        0,
        0
      ],
      "/Users/christophe/code/work/bspot/poker_hand/app/channels/application_cable/channel.rb": [
        0,
        0,
        0,
        0
      ]
    },
    "timestamp": 1617010501
  }
}
