<?xml version='1.0'?> 
<!DOCTYPE coverage SYSTEM "http://cobertura.sourceforge.net/xml/coverage-04.dtd">
<!-- Generated by simplecov-cobertura version 1.3.1 (https://github.com/dashingrocket/simplecov-cobertura) -->
<coverage line-rate="0.88" branch-rate="0" lines-covered="136" lines-valid="155" branches-covered="0" branches-valid="0" complexity="0" version="0" timestamp="1617010501">
  <sources>
    <source>/Users/christophe/code/work/bspot/poker_hand</source>
  </sources>
  <packages>
    <package name="Controllers" line-rate="1.0" branch-rate="0" complexity="0">
      <classes>
        <class name="application_controller" filename="app/controllers/application_controller.rb" line-rate="1.0" branch-rate="0" complexity="0">
          <methods/>
          <lines>
            <line number="1" branch="false" hits="1"/>
          </lines>
        </class>
        <class name="games_controller" filename="app/controllers/games_controller.rb" line-rate="1.0" branch-rate="0" complexity="0">
          <methods/>
          <lines>
            <line number="1" branch="false" hits="1"/>
            <line number="3" branch="false" hits="1"/>
            <line number="4" branch="false" hits="1"/>
            <line number="8" branch="false" hits="1"/>
            <line number="9" branch="false" hits="1"/>
            <line number="13" branch="false" hits="1"/>
            <line number="14" branch="false" hits="1"/>
            <line number="18" branch="false" hits="1"/>
            <line number="19" branch="false" hits="3"/>
            <line number="20" branch="false" hits="3"/>
            <line number="21" branch="false" hits="3"/>
            <line number="22" branch="false" hits="4"/>
            <line number="24" branch="false" hits="2"/>
            <line number="30" branch="false" hits="1"/>
            <line number="31" branch="false" hits="2"/>
            <line number="32" branch="false" hits="2"/>
            <line number="33" branch="false" hits="2"/>
            <line number="34" branch="false" hits="4"/>
            <line number="38" branch="false" hits="1"/>
            <line number="41" branch="false" hits="1"/>
            <line number="42" branch="false" hits="3"/>
          </lines>
        </class>
      </classes>
    </package>
    <package name="Models" line-rate="1.0" branch-rate="0" complexity="0">
      <classes>
        <class name="application_record" filename="app/models/application_record.rb" line-rate="1.0" branch-rate="0" complexity="0">
          <methods/>
          <lines>
            <line number="1" branch="false" hits="1"/>
            <line number="2" branch="false" hits="1"/>
          </lines>
        </class>
        <class name="game" filename="app/models/game.rb" line-rate="1.0" branch-rate="0" complexity="0">
          <methods/>
          <lines>
            <line number="1" branch="false" hits="1"/>
            <line number="2" branch="false" hits="1"/>
            <line number="3" branch="false" hits="1"/>
            <line number="5" branch="false" hits="1"/>
            <line number="7" branch="false" hits="1"/>
            <line number="9" branch="false" hits="5"/>
            <line number="10" branch="false" hits="2"/>
            <line number="11" branch="false" hits="2"/>
            <line number="12" branch="false" hits="2"/>
            <line number="13" branch="false" hits="2"/>
          </lines>
        </class>
        <class name="hand" filename="app/models/hand.rb" line-rate="1.0" branch-rate="0" complexity="0">
          <methods/>
          <lines>
            <line number="1" branch="false" hits="1"/>
            <line number="2" branch="false" hits="1"/>
            <line number="3" branch="false" hits="1"/>
            <line number="4" branch="false" hits="1"/>
            <line number="6" branch="false" hits="1"/>
            <line number="7" branch="false" hits="1"/>
            <line number="8" branch="false" hits="1"/>
            <line number="9" branch="false" hits="1"/>
            <line number="11" branch="false" hits="1"/>
            <line number="14" branch="false" hits="1"/>
            <line number="26" branch="false" hits="1"/>
            <line number="31" branch="false" hits="1"/>
            <line number="32" branch="false" hits="18"/>
            <line number="33" branch="false" hits="127"/>
            <line number="34" branch="false" hits="127"/>
            <line number="38" branch="false" hits="1"/>
            <line number="41" branch="false" hits="1"/>
            <line number="42" branch="false" hits="127"/>
            <line number="43" branch="false" hits="910"/>
            <line number="44" branch="false" hits="127"/>
            <line number="45" branch="false" hits="508"/>
            <line number="46" branch="false" hits="127"/>
            <line number="47" branch="false" hits="127"/>
            <line number="48" branch="false" hits="127"/>
            <line number="49" branch="false" hits="635"/>
            <line number="50" branch="false" hits="635"/>
            <line number="51" branch="false" hits="635"/>
            <line number="53" branch="false" hits="635"/>
            <line number="54" branch="false" hits="635"/>
            <line number="55" branch="false" hits="635"/>
            <line number="57" branch="false" hits="979"/>
            <line number="58" branch="false" hits="630"/>
            <line number="59" branch="false" hits="127"/>
            <line number="63" branch="false" hits="1"/>
            <line number="64" branch="false" hits="127"/>
            <line number="65" branch="false" hits="127"/>
            <line number="66" branch="false" hits="127"/>
            <line number="67" branch="false" hits="127"/>
            <line number="68" branch="false" hits="127"/>
            <line number="69" branch="false" hits="127"/>
            <line number="70" branch="false" hits="127"/>
            <line number="71" branch="false" hits="49"/>
            <line number="73" branch="false" hits="127"/>
            <line number="74" branch="false" hits="48"/>
            <line number="76" branch="false" hits="127"/>
            <line number="77" branch="false" hits="18"/>
            <line number="79" branch="false" hits="127"/>
            <line number="80" branch="false" hits="64"/>
            <line number="82" branch="false" hits="127"/>
            <line number="83" branch="false" hits="127"/>
            <line number="85" branch="false" hits="127"/>
          </lines>
        </class>
        <class name="player" filename="app/models/player.rb" line-rate="1.0" branch-rate="0" complexity="0">
          <methods/>
          <lines>
            <line number="1" branch="false" hits="1"/>
            <line number="2" branch="false" hits="1"/>
            <line number="3" branch="false" hits="1"/>
            <line number="4" branch="false" hits="1"/>
            <line number="6" branch="false" hits="1"/>
            <line number="7" branch="false" hits="1"/>
          </lines>
        </class>
        <class name="round" filename="app/models/round.rb" line-rate="1.0" branch-rate="0" complexity="0">
          <methods/>
          <lines>
            <line number="1" branch="false" hits="1"/>
            <line number="2" branch="false" hits="1"/>
            <line number="3" branch="false" hits="1"/>
            <line number="4" branch="false" hits="1"/>
            <line number="5" branch="false" hits="1"/>
            <line number="7" branch="false" hits="1"/>
            <line number="8" branch="false" hits="1"/>
            <line number="11" branch="false" hits="1"/>
            <line number="12" branch="false" hits="12"/>
            <line number="13" branch="false" hits="4"/>
            <line number="14" branch="false" hits="4"/>
          </lines>
        </class>
        <class name="win" filename="app/models/win.rb" line-rate="1.0" branch-rate="0" complexity="0">
          <methods/>
          <lines>
            <line number="1" branch="false" hits="1"/>
            <line number="2" branch="false" hits="1"/>
            <line number="3" branch="false" hits="1"/>
            <line number="5" branch="false" hits="1"/>
            <line number="6" branch="false" hits="1"/>
          </lines>
        </class>
      </classes>
    </package>
    <package name="Mailers" line-rate="0.0" branch-rate="0" complexity="0">
      <classes>
        <class name="application_mailer" filename="app/mailers/application_mailer.rb" line-rate="0.0" branch-rate="0" complexity="0">
          <methods/>
          <lines>
            <line number="1" branch="false" hits="0"/>
            <line number="2" branch="false" hits="0"/>
            <line number="3" branch="false" hits="0"/>
            <line number="4" branch="false" hits="0"/>
          </lines>
        </class>
      </classes>
    </package>
    <package name="Helpers" line-rate="1.0" branch-rate="0" complexity="0">
      <classes>
        <class name="application_helper" filename="app/helpers/application_helper.rb" line-rate="1.0" branch-rate="0" complexity="0">
          <methods/>
          <lines>
            <line number="1" branch="false" hits="1"/>
          </lines>
        </class>
        <class name="games_helper" filename="app/helpers/games_helper.rb" line-rate="1.0" branch-rate="0" complexity="0">
          <methods/>
          <lines>
            <line number="1" branch="false" hits="1"/>
            <line number="2" branch="false" hits="1"/>
            <line number="3" branch="false" hits="4"/>
          </lines>
        </class>
      </classes>
    </package>
    <package name="Jobs" line-rate="0.0" branch-rate="0" complexity="0">
      <classes>
        <class name="application_job" filename="app/jobs/application_job.rb" line-rate="0.0" branch-rate="0" complexity="0">
          <methods/>
          <lines>
            <line number="1" branch="false" hits="0"/>
            <line number="2" branch="false" hits="0"/>
            <line number="3" branch="false" hits="0"/>
            <line number="4" branch="false" hits="0"/>
            <line number="5" branch="false" hits="0"/>
            <line number="6" branch="false" hits="0"/>
            <line number="7" branch="false" hits="0"/>
          </lines>
        </class>
      </classes>
    </package>
    <package name="Libraries" line-rate="1.0" branch-rate="0" complexity="0">
      <classes/>
    </package>
    <package name="Ungrouped" line-rate="0.76" branch-rate="0" complexity="0">
      <classes>
        <class name="channel" filename="app/channels/application_cable/channel.rb" line-rate="0.0" branch-rate="0" complexity="0">
          <methods/>
          <lines>
            <line number="1" branch="false" hits="0"/>
            <line number="2" branch="false" hits="0"/>
            <line number="3" branch="false" hits="0"/>
            <line number="4" branch="false" hits="0"/>
          </lines>
        </class>
        <class name="connection" filename="app/channels/application_cable/connection.rb" line-rate="0.0" branch-rate="0" complexity="0">
          <methods/>
          <lines>
            <line number="1" branch="false" hits="0"/>
            <line number="2" branch="false" hits="0"/>
            <line number="3" branch="false" hits="0"/>
            <line number="4" branch="false" hits="0"/>
          </lines>
        </class>
        <class name="game_service" filename="app/services/game_service.rb" line-rate="1.0" branch-rate="0" complexity="0">
          <methods/>
          <lines>
            <line number="1" branch="false" hits="1"/>
            <line number="2" branch="false" hits="1"/>
            <line number="5" branch="false" hits="1"/>
            <line number="6" branch="false" hits="3"/>
            <line number="7" branch="false" hits="3"/>
            <line number="8" branch="false" hits="3"/>
            <line number="9" branch="false" hits="3"/>
            <line number="10" branch="false" hits="3"/>
            <line number="11" branch="false" hits="3"/>
            <line number="12" branch="false" hits="6"/>
            <line number="13" branch="false" hits="6"/>
            <line number="16" branch="false" hits="6"/>
            <line number="17" branch="false" hits="3"/>
            <line number="21" branch="false" hits="1"/>
            <line number="23" branch="false" hits="1"/>
            <line number="24" branch="false" hits="3"/>
            <line number="25" branch="false" hits="3"/>
            <line number="26" branch="false" hits="3"/>
            <line number="27" branch="false" hits="3"/>
            <line number="28" branch="false" hits="3"/>
            <line number="29" branch="false" hits="6"/>
            <line number="30" branch="false" hits="6"/>
            <line number="31" branch="false" hits="6"/>
            <line number="33" branch="false" hits="3"/>
            <line number="35" branch="false" hits="3"/>
          </lines>
        </class>
      </classes>
    </package>
  </packages>
</coverage>